<?xml version="1.0" encoding="UTF-8"?>
<testsuite xmlns:xsi="http://www.w3.org/2001/XMLSchema-instance" xsi:noNamespaceSchemaLocation="https://maven.apache.org/surefire/maven-surefire-plugin/xsd/surefire-test-report-3.0.xsd" version="3.0" name="runners.TestRunner" time="64.051" tests="4" errors="1" skipped="0" failures="0">
  <properties>
[...]
</properties>
  <testcase name="Abrir nova janela e validar mensagem" classname="Browser Windows" time="16.069">
    <system-out><![CDATA[
Scenario: Abrir nova janela e validar mensagem               # src/test/resources/features/browserWindows.feature:6
  Given que estou na pÃ¡gina inicial do demoqa                # steps.CommonSteps.estouNaPaginaInicialDoDemoqa()
  When escolho a opÃ§Ã£o Alerts, Frame & Windows               # steps.BrowserWindowsSteps.escolhoOpcaoAlertsFrameWindows()
  And clico no submenu Browser Windows                       # steps.BrowserWindowsSteps.clicoNoSubmenuBrowserWindows()
  And clico no botÃ£o New Window                              # steps.BrowserWindowsSteps.clicoNoBotaoNewWindow()
  Then uma nova janela deve ser aberta                       # steps.BrowserWindowsSteps.novaJanelaDeveSerAberta()
  And valido a mensagem This is a sample page na nova janela # steps.BrowserWindowsSteps.validoMensagemNaNovaJanela()
  And fecho a nova janela                                    # steps.BrowserWindowsSteps.fechoANovaJanela()
]]></system-out>
    <system-err><![CDATA[SLF4J(W): No SLF4J providers were found.
SLF4J(W): Defaulting to no-operation (NOP) logger implementation
SLF4J(W): See https://www.slf4j.org/codes.html#noProviders for further details.
jun. 12, 2025 6:45:49 PM org.openqa.selenium.devtools.CdpVersionFinder findNearestMatch
ADVERTÊNCIA: Unable to find CDP implementation matching 137
jun. 12, 2025 6:45:49 PM org.openqa.selenium.chromium.ChromiumDriver lambda$new$5
ADVERTÊNCIA: Unable to find version of CDP to use for 137.0.7151.104. You may need to include a dependency on a specific version of the CDP using something similar to `org.seleniumhq.selenium:selenium-devtools-v86:4.21.0` where the version ("v86") matches the version of the chromium-based browser you're using and the version number of the artifact is the same as Selenium's.
]]></system-err>
  </testcase>
  <testcase name="Abrir o menu Forms e preencher formulário" classname="Practice Form" time="17.861">
    <system-out><![CDATA[
Scenario: Abrir o menu Forms e preencher formulÃ¡rio     # src/test/resources/features/practiceForm.feature:6
  Given que estou na pÃ¡gina inicial do demoqa           # steps.CommonSteps.estouNaPaginaInicialDoDemoqa()
  When escolho a opÃ§Ã£o Forms na pÃ¡gina inicial          # steps.PracticeForm.escolhoOpcaoPracticeForm()
  And clico no submenu Practice Form                    # steps.PracticeForm.clicoSubmenuPracticeForm()
  And preencho todo o formulÃ¡rio com valores aleatÃ³rios # steps.PracticeForm.preenchoFormularioValoresAleatorios()
  And submeto o formulÃ¡rio                              # steps.PracticeForm.submetoFormulario()
  Then garanto que um popup foi aberto apÃ³s o submit    # steps.PracticeForm.verificoPopupAberto()
  And fecho o popup                                     # steps.PracticeForm.fechoPopup()
]]></system-out>
    <system-err><![CDATA[jun. 12, 2025 6:46:04 PM org.openqa.selenium.devtools.CdpVersionFinder findNearestMatch
ADVERTÊNCIA: Unable to find CDP implementation matching 137
jun. 12, 2025 6:46:04 PM org.openqa.selenium.chromium.ChromiumDriver lambda$new$5
ADVERTÊNCIA: Unable to find version of CDP to use for 137.0.7151.104. You may need to include a dependency on a specific version of the CDP using something similar to `org.seleniumhq.selenium:selenium-devtools-v86:4.21.0` where the version ("v86") matches the version of the chromium-based browser you're using and the version number of the artifact is the same as Selenium's.
]]></system-err>
  </testcase>
  <testcase name="Validar carregamento e reset da Progress Bar" classname="Progress Bar" time="11.352">
    <error message="element click intercepted: Element &lt;span class=&quot;text&quot;&gt;...&lt;/span&gt; is not clickable at point (129, 577). Other element would receive the click: &lt;footer&gt;...&lt;/footer&gt;&#10;  (Session info: chrome=137.0.7151.104)&#10;Build info: version: &apos;4.21.0&apos;, revision: &apos;79ed462ef4&apos;&#10;System info: os.name: &apos;Windows 10&apos;, os.arch: &apos;amd64&apos;, os.version: &apos;10.0&apos;, java.version: &apos;17.0.15&apos;&#10;Driver info: org.openqa.selenium.chrome.ChromeDriver&#10;Command: [4b607afb6a87a856952ea8463a7a4bd0, clickElement {id=f.A37EB30E473F2AB40FDE8AAA1D6167B4.d.15F4B7B73BCD46EDE959BA8740ED088F.e.26}]&#10;Capabilities {acceptInsecureCerts: false, browserName: chrome, browserVersion: 137.0.7151.104, chrome: {chromedriverVersion: 137.0.7151.70 (dfa4dc56b2ab..., userDataDir: C:\Users\TRK\AppData\Local\...}, fedcm:accounts: true, goog:chromeOptions: {debuggerAddress: localhost:59249}, networkConnectionEnabled: false, pageLoadStrategy: normal, platformName: windows, proxy: Proxy(), se:cdp: ws://localhost:59249/devtoo..., se:cdpVersion: 137.0.7151.104, setWindowRect: true, strictFileInteractability: false, timeouts: {implicit: 0, pageLoad: 300000, script: 30000}, unhandledPromptBehavior: dismiss and notify, webauthn:extension:credBlob: true, webauthn:extension:largeBlob: true, webauthn:extension:minPinLength: true, webauthn:extension:prf: true, webauthn:virtualAuthenticators: true}&#10;Element: [[ChromeDriver: chrome on windows (4b607afb6a87a856952ea8463a7a4bd0)] -&gt; xpath: //span[text()=&apos;Progress Bar&apos;]]&#10;Session ID: 4b607afb6a87a856952ea8463a7a4bd0" type="org.openqa.selenium.ElementClickInterceptedException"><![CDATA[org.openqa.selenium.ElementClickInterceptedException: 
element click intercepted: Element <span class="text">...</span> is not clickable at point (129, 577). Other element would receive the click: <footer>...</footer>
  (Session info: chrome=137.0.7151.104)
Build info: version: '4.21.0', revision: '79ed462ef4'
System info: os.name: 'Windows 10', os.arch: 'amd64', os.version: '10.0', java.version: '17.0.15'
Driver info: org.openqa.selenium.chrome.ChromeDriver
Command: [4b607afb6a87a856952ea8463a7a4bd0, clickElement {id=f.A37EB30E473F2AB40FDE8AAA1D6167B4.d.15F4B7B73BCD46EDE959BA8740ED088F.e.26}]
Capabilities {acceptInsecureCerts: false, browserName: chrome, browserVersion: 137.0.7151.104, chrome: {chromedriverVersion: 137.0.7151.70 (dfa4dc56b2ab..., userDataDir: C:\Users\TRK\AppData\Local\...}, fedcm:accounts: true, goog:chromeOptions: {debuggerAddress: localhost:59249}, networkConnectionEnabled: false, pageLoadStrategy: normal, platformName: windows, proxy: Proxy(), se:cdp: ws://localhost:59249/devtoo..., se:cdpVersion: 137.0.7151.104, setWindowRect: true, strictFileInteractability: false, timeouts: {implicit: 0, pageLoad: 300000, script: 30000}, unhandledPromptBehavior: dismiss and notify, webauthn:extension:credBlob: true, webauthn:extension:largeBlob: true, webauthn:extension:minPinLength: true, webauthn:extension:prf: true, webauthn:virtualAuthenticators: true}
Element: [[ChromeDriver: chrome on windows (4b607afb6a87a856952ea8463a7a4bd0)] -> xpath: //span[text()='Progress Bar']]
Session ID: 4b607afb6a87a856952ea8463a7a4bd0
	at java.base/jdk.internal.reflect.NativeConstructorAccessorImpl.newInstance0(Native Method)
	at java.base/jdk.internal.reflect.NativeConstructorAccessorImpl.newInstance(NativeConstructorAccessorImpl.java:77)
	at java.base/jdk.internal.reflect.DelegatingConstructorAccessorImpl.newInstance(DelegatingConstructorAccessorImpl.java:45)
	at java.base/java.lang.reflect.Constructor.newInstanceWithCaller(Constructor.java:500)
	at java.base/java.lang.reflect.Constructor.newInstance(Constructor.java:481)
	at org.openqa.selenium.remote.ErrorCodec.decode(ErrorCodec.java:167)
	at org.openqa.selenium.remote.codec.w3c.W3CHttpResponseCodec.decode(W3CHttpResponseCodec.java:138)
	at org.openqa.selenium.remote.codec.w3c.W3CHttpResponseCodec.decode(W3CHttpResponseCodec.java:50)
	at org.openqa.selenium.remote.HttpCommandExecutor.execute(HttpCommandExecutor.java:190)
	at org.openqa.selenium.remote.service.DriverCommandExecutor.invokeExecute(DriverCommandExecutor.java:216)
	at org.openqa.selenium.remote.service.DriverCommandExecutor.execute(DriverCommandExecutor.java:174)
	at org.openqa.selenium.remote.RemoteWebDriver.execute(RemoteWebDriver.java:518)
	at org.openqa.selenium.remote.RemoteWebElement.execute(RemoteWebElement.java:223)
	at org.openqa.selenium.remote.RemoteWebElement.click(RemoteWebElement.java:76)
	at steps.ProgressBarSteps.clicoSubmenuProgressBar(ProgressBarSteps.java:35)
	at ✽.clico no submenu Progress Bar(file:///C:/projetos/qaautomation-desafio/qa-automation-frontend/src/test/resources/features/progressBar.feature:8)
]]></error>
    <system-out><![CDATA[
Scenario: Validar carregamento e reset da Progress Bar       # src/test/resources/features/progressBar.feature:6
  Given que estou na pÃ¡gina inicial do demoqa                # steps.CommonSteps.estouNaPaginaInicialDoDemoqa()
  When escolho a opÃ§Ã£o Widgets                               # steps.ProgressBarSteps.escolhoOpcaoWidgets()
  And clico no submenu Progress Bar                          # steps.ProgressBarSteps.clicoSubmenuProgressBar()
      org.openqa.selenium.ElementClickInterceptedException: element click intercepted: Element <span class="text">...</span> is not clickable at point (129, 577). Other element would receive the click: <footer>...</footer>
  (Session info: chrome=137.0.7151.104)
Build info: version: '4.21.0', revision: '79ed462ef4'
System info: os.name: 'Windows 10', os.arch: 'amd64', os.version: '10.0', java.version: '17.0.15'
Driver info: org.openqa.selenium.chrome.ChromeDriver
Command: [4b607afb6a87a856952ea8463a7a4bd0, clickElement {id=f.A37EB30E473F2AB40FDE8AAA1D6167B4.d.15F4B7B73BCD46EDE959BA8740ED088F.e.26}]
Capabilities {acceptInsecureCerts: false, browserName: chrome, browserVersion: 137.0.7151.104, chrome: {chromedriverVersion: 137.0.7151.70 (dfa4dc56b2ab..., userDataDir: C:\Users\TRK\AppData\Local\...}, fedcm:accounts: true, goog:chromeOptions: {debuggerAddress: localhost:59249}, networkConnectionEnabled: false, pageLoadStrategy: normal, platformName: windows, proxy: Proxy(), se:cdp: ws://localhost:59249/devtoo..., se:cdpVersion: 137.0.7151.104, setWindowRect: true, strictFileInteractability: false, timeouts: {implicit: 0, pageLoad: 300000, script: 30000}, unhandledPromptBehavior: dismiss and notify, webauthn:extension:credBlob: true, webauthn:extension:largeBlob: true, webauthn:extension:minPinLength: true, webauthn:extension:prf: true, webauthn:virtualAuthenticators: true}
Element: [[ChromeDriver: chrome on windows (4b607afb6a87a856952ea8463a7a4bd0)] -> xpath: //span[text()='Progress Bar']]
Session ID: 4b607afb6a87a856952ea8463a7a4bd0
	at java.base/jdk.internal.reflect.NativeConstructorAccessorImpl.newInstance0(Native Method)
	at java.base/jdk.internal.reflect.NativeConstructorAccessorImpl.newInstance(NativeConstructorAccessorImpl.java:77)
	at java.base/jdk.internal.reflect.DelegatingConstructorAccessorImpl.newInstance(DelegatingConstructorAccessorImpl.java:45)
	at java.base/java.lang.reflect.Constructor.newInstanceWithCaller(Constructor.java:500)
	at java.base/java.lang.reflect.Constructor.newInstance(Constructor.java:481)
	at org.openqa.selenium.remote.ErrorCodec.decode(ErrorCodec.java:167)
	at org.openqa.selenium.remote.codec.w3c.W3CHttpResponseCodec.decode(W3CHttpResponseCodec.java:138)
	at org.openqa.selenium.remote.codec.w3c.W3CHttpResponseCodec.decode(W3CHttpResponseCodec.java:50)
	at org.openqa.selenium.remote.HttpCommandExecutor.execute(HttpCommandExecutor.java:190)
	at org.openqa.selenium.remote.service.DriverCommandExecutor.invokeExecute(DriverCommandExecutor.java:216)
	at org.openqa.selenium.remote.service.DriverCommandExecutor.execute(DriverCommandExecutor.java:174)
	at org.openqa.selenium.remote.RemoteWebDriver.execute(RemoteWebDriver.java:518)
	at org.openqa.selenium.remote.RemoteWebElement.execute(RemoteWebElement.java:223)
	at org.openqa.selenium.remote.RemoteWebElement.click(RemoteWebElement.java:76)
	at steps.ProgressBarSteps.clicoSubmenuProgressBar(ProgressBarSteps.java:35)
	at âœ½.clico no submenu Progress Bar(file:///C:/projetos/qaautomation-desafio/qa-automation-frontend/src/test/resources/features/progressBar.feature:8)

  And clico no botÃ£o Start                                   # steps.ProgressBarSteps.clicoBotaoStart()
  And paro a execuÃ§Ã£o antes de atingir 25%                   # steps.ProgressBarSteps.paroAntesDe25()
  Then o valor da progress Bar deve ser menor ou igual a 25% # steps.ProgressBarSteps.validarProgressMenorOuIgual25()
  When aperto Start novamente                                # steps.ProgressBarSteps.apertoStartNovamente()
  And aguardo a barra chegar a 100%                          # steps.ProgressBarSteps.aguardoChegar100()
  Then clico no botÃ£o Reset para limpar a progress bar       # steps.ProgressBarSteps.clicoBotaoReset()
]]></system-out>
    <system-err><![CDATA[jun. 12, 2025 6:46:21 PM org.openqa.selenium.devtools.CdpVersionFinder findNearestMatch
ADVERTÊNCIA: Unable to find CDP implementation matching 137
jun. 12, 2025 6:46:21 PM org.openqa.selenium.chromium.ChromiumDriver lambda$new$5
ADVERTÊNCIA: Unable to find version of CDP to use for 137.0.7151.104. You may need to include a dependency on a specific version of the CDP using something similar to `org.seleniumhq.selenium:selenium-devtools-v86:4.21.0` where the version ("v86") matches the version of the chromium-based browser you're using and the version number of the artifact is the same as Selenium's.
]]></system-err>
  </testcase>
  <testcase name="Criar, editar e deletar um registro" classname="Web Tables" time="17.625">
    <system-out><![CDATA[
Scenario: Criar, editar e deletar um registro           # src/test/resources/features/webTables.feature:6
  Given que estou na pÃ¡gina inicial do demoqa           # steps.CommonSteps.estouNaPaginaInicialDoDemoqa()
  When escolho a opÃ§Ã£o Elements                         # steps.WebTablesSteps.escolhoOpcaoElements()
  And clico no submenu Web Tables                       # steps.WebTablesSteps.clicoSubmenuWebTables()
  And crio um novo registro                             # steps.WebTablesSteps.crioNovoRegistro()
  Then o registro criado deve aparecer na tabela        # steps.WebTablesSteps.registroCriadoDeveAparecer()
  When edito o registro criado                          # steps.WebTablesSteps.editoRegistroCriado()
  Then as informaÃ§Ãµes do registro devem ser atualizadas # steps.WebTablesSteps.registroDeveEstarAtualizado()
  When deleto o registro criado                         # steps.WebTablesSteps.deletoRegistroCriado()
  Then o registro nÃ£o deve mais aparecer na tabela      # steps.WebTablesSteps.registroNaoDeveMaisAparecer()
]]></system-out>
    <system-err><![CDATA[jun. 12, 2025 6:46:33 PM org.openqa.selenium.devtools.CdpVersionFinder findNearestMatch
ADVERTÊNCIA: Unable to find CDP implementation matching 137
jun. 12, 2025 6:46:33 PM org.openqa.selenium.chromium.ChromiumDriver lambda$new$5
ADVERTÊNCIA: Unable to find version of CDP to use for 137.0.7151.104. You may need to include a dependency on a specific version of the CDP using something similar to `org.seleniumhq.selenium:selenium-devtools-v86:4.21.0` where the version ("v86") matches the version of the chromium-based browser you're using and the version number of the artifact is the same as Selenium's.
]]></system-err>
  </testcase>
</testsuite>